<?xml version="1.0" encoding="UTF-8"?>
<!-- Generated by org.testng.reporters.JUnitXMLReporter -->
<testsuite ignored="0" hostname="FEUJI-V005D" failures="0" tests="5" name="Default test" time="3.316" errors="0" timestamp="2024-06-04T17:56:34 IST">
  <testcase classname="com.restassured.test.MockApiTest" name="testCreateToken" time="1.478"/>
  <testcase classname="com.restassured.test.MockApiTest" name="testGetAllBookingIds" time="0.033"/>
  <testcase classname="com.restassured.test.MockApiTest" name="testCreateBooking" time="0.038"/>
  <testcase classname="com.restassured.test.MockApiTest" name="testGetBookingById" time="0.054"/>
  <testcase classname="com.restassured.test.MockApiTest" name="testUpdateBookingDetails" time="0.019"/>
</testsuite> <!-- Default test -->
