<?xml version="1.0" encoding="UTF-8"?>
<!-- Generated by org.testng.reporters.JUnitXMLReporter -->
<testsuite ignored="0" hostname="FEUJI-V005D" failures="0" tests="6" name="APITest" time="11.825" errors="0" timestamp="2024-06-05T10:38:37 IST">
  <testcase classname="com.restassured.test.ApiBookingTest" name="testGetToken" time="3.313"/>
  <testcase classname="com.restassured.test.ApiBookingTest" name="testGettingAllBookingIds" time="2.111"/>
  <testcase classname="com.restassured.test.ApiBookingTest" name="testCreateBooking" time="1.49"/>
  <testcase classname="com.restassured.test.ApiBookingTest" name="testGetBookingById" time="1.266"/>
  <testcase classname="com.restassured.test.ApiBookingTest" name="testUpdateBookingById" time="1.318"/>
  <testcase classname="com.restassured.test.ApiBookingTest" name="testDeleteBooingById" time="1.289"/>
</testsuite> <!-- APITest -->
