<?xml version="1.0" encoding="UTF-8"?>
<!-- Generated by org.testng.reporters.JUnitXMLReporter -->
<testsuite ignored="0" hostname="FEUJI-V005D" failures="0" tests="6" name="MockAPITest" time="0.77" errors="0" timestamp="2024-06-05T10:38:38 IST">
  <testcase classname="com.restassured.test.MockApiTest" name="testCreateToken" time="0.14"/>
  <testcase classname="com.restassured.test.MockApiTest" name="testGetAllBookingIds" time="0.017"/>
  <testcase classname="com.restassured.test.MockApiTest" name="testCreateBooking" time="0.03"/>
  <testcase classname="com.restassured.test.MockApiTest" name="testGetBookingById" time="0.013"/>
  <testcase classname="com.restassured.test.MockApiTest" name="testUpdateBookingDetails" time="0.013"/>
  <testcase classname="com.restassured.test.MockApiTest" name="testDeleteBookingDetails" time="0.015"/>
</testsuite> <!-- MockAPITest -->
