<?xml version="1.0" encoding="UTF-8"?>
<!-- Generated by org.testng.reporters.JUnitXMLReporter -->
<testsuite ignored="4" hostname="FEUJI-V005D" failures="1" tests="11" name="Test" time="12.023" errors="0" timestamp="2024-06-04T17:40:47 IST">
  <testcase classname="com.restassured.base.Base" name="@AfterMethod getResult" time="0.001">
    <failure type="java.lang.NullPointerException" message="Cannot invoke &amp;quot;com.aventstack.extentreports.ExtentTest.log(com.aventstack.extentreports.Status, java.lang.Throwable)&amp;quot; because &amp;quot;this.test&amp;quot; is null">
      <![CDATA[java.lang.NullPointerException: Cannot invoke "com.aventstack.extentreports.ExtentTest.log(com.aventstack.extentreports.Status, java.lang.Throwable)" because "this.test" is null
at com.restassured.base.Base.getResult(Base.java:84)
at java.base/java.util.ArrayList.forEach(ArrayList.java:1511)
... Removed 32 stack frames]]>
    </failure>
  </testcase> <!-- @AfterMethod getResult -->
  <testcase classname="com.restassured.base.Base" name="@BeforeMethod beforeMethod" time="0.0">
    <skipped/>
  </testcase> <!-- @BeforeMethod beforeMethod -->
  <testcase classname="com.restassured.base.Base" name="@AfterMethod afterMethod" time="0.0">
    <skipped/>
  </testcase> <!-- @AfterMethod afterMethod -->
  <testcase classname="com.restassured.base.Base" name="@AfterMethod getResult" time="0.0">
    <skipped/>
  </testcase> <!-- @AfterMethod getResult -->
  <testcase classname="com.restassured.base.Base" name="@BeforeMethod beforeMethod" time="0.0">
    <skipped/>
  </testcase> <!-- @BeforeMethod beforeMethod -->
  <testcase classname="com.restassured.base.Base" name="@AfterMethod afterMethod" time="0.0">
    <skipped/>
  </testcase> <!-- @AfterMethod afterMethod -->
  <testcase classname="com.restassured.base.Base" name="@AfterMethod getResult" time="0.0">
    <skipped/>
  </testcase> <!-- @AfterMethod getResult -->
  <testcase classname="com.restassured.base.Base" name="@BeforeMethod beforeMethod" time="0.0">
    <skipped/>
  </testcase> <!-- @BeforeMethod beforeMethod -->
  <testcase classname="com.restassured.base.Base" name="@AfterMethod afterMethod" time="0.0">
    <skipped/>
  </testcase> <!-- @AfterMethod afterMethod -->
  <testcase classname="com.restassured.base.Base" name="@AfterMethod getResult" time="0.0">
    <skipped/>
  </testcase> <!-- @AfterMethod getResult -->
  <testcase classname="com.restassured.base.Base" name="@BeforeMethod beforeMethod" time="0.0">
    <skipped/>
  </testcase> <!-- @BeforeMethod beforeMethod -->
  <testcase classname="com.restassured.base.Base" name="@AfterMethod afterMethod" time="0.0">
    <skipped/>
  </testcase> <!-- @AfterMethod afterMethod -->
  <testcase classname="com.restassured.base.Base" name="@AfterMethod getResult" time="0.0">
    <skipped/>
  </testcase> <!-- @AfterMethod getResult -->
  <testcase classname="com.restassured.test.MockApiTest" name="@AfterClass tearDown" time="0.0">
    <skipped/>
  </testcase> <!-- @AfterClass tearDown -->
  <testcase classname="com.restassured.test.ApiBookingTest" name="testGetToken" time="3.273"/>
  <testcase classname="com.restassured.test.ApiBookingTest" name="testGettingAllBookingIds" time="1.807"/>
  <testcase classname="com.restassured.test.ApiBookingTest" name="testCreateBooking" time="1.415"/>
  <testcase classname="com.restassured.test.ApiBookingTest" name="testGetBookingById" time="1.329"/>
  <testcase classname="com.restassured.test.ApiBookingTest" name="testUpdateBookingById" time="1.364"/>
  <testcase classname="com.restassured.test.ApiBookingTest" name="testDeleteBooingById" time="1.312"/>
  <testcase classname="com.restassured.test.MockApiTest" name="testCreateToken" time="0.002">
    <failure type="java.lang.NullPointerException" message="Cannot invoke &amp;quot;com.aventstack.extentreports.ExtentReports.createTest(String)&amp;quot; because &amp;quot;this.extentReports&amp;quot; is null">
      <![CDATA[java.lang.NullPointerException: Cannot invoke "com.aventstack.extentreports.ExtentReports.createTest(String)" because "this.extentReports" is null
at com.restassured.test.MockApiTest.testCreateToken(MockApiTest.java:30)
at java.base/java.util.ArrayList.forEach(ArrayList.java:1511)
... Removed 27 stack frames]]>
    </failure>
  </testcase> <!-- testCreateToken -->
  <testcase classname="com.restassured.test.MockApiTest" name="testGetAllBookingIds" time="0.0">
    <skipped/>
  </testcase> <!-- testGetAllBookingIds -->
  <testcase classname="com.restassured.test.MockApiTest" name="testCreateBooking" time="0.0">
    <skipped/>
  </testcase> <!-- testCreateBooking -->
  <testcase classname="com.restassured.test.MockApiTest" name="testGetBookingById" time="0.0">
    <skipped/>
  </testcase> <!-- testGetBookingById -->
  <testcase classname="com.restassured.test.MockApiTest" name="testUpdateBookingDetails" time="0.0">
    <skipped/>
  </testcase> <!-- testUpdateBookingDetails -->
  <testcase classname="com.restassured.base.Base" name="@BeforeTest setUp" time="0.0">
    <ignored/>
  </testcase> <!-- @BeforeTest setUp -->
  <testcase classname="com.restassured.base.Base" name="@AfterTest endReport" time="0.0">
    <ignored/>
  </testcase> <!-- @AfterTest endReport -->
  <testcase classname="com.restassured.base.Base" name="@BeforeTest setUp" time="0.0">
    <ignored/>
  </testcase> <!-- @BeforeTest setUp -->
  <testcase classname="com.restassured.base.Base" name="@AfterTest endReport" time="0.0">
    <ignored/>
  </testcase> <!-- @AfterTest endReport -->
</testsuite> <!-- Test -->
