<?xml version="1.0" encoding="UTF-8"?>
<testng-results ignored="0" total="12" passed="12" failed="0" skipped="0">
  <reporter-output>
  </reporter-output>
  <suite started-at="2024-06-05T10:38:25 IST" name="Suite" finished-at="2024-06-05T10:38:38 IST" duration-ms="12608">
    <groups>
    </groups>
    <test started-at="2024-06-05T10:38:25 IST" name="APITest" finished-at="2024-06-05T10:38:37 IST" duration-ms="11825">
      <class name="com.restassured.test.ApiBookingTest">
        <test-method is-config="true" signature="setUp()[pri:0, instance:com.restassured.test.ApiBookingTest@62e70ea3]" started-at="2024-06-05T10:38:25 IST" name="setUp" finished-at="2024-06-05T10:38:25 IST" duration-ms="186" status="PASS">
          <reporter-output>
          </reporter-output>
        </test-method> <!-- setUp -->
        <test-method is-config="true" signature="setupData()[pri:0, instance:com.restassured.test.ApiBookingTest@62e70ea3]" started-at="2024-06-05T10:38:25 IST" name="setupData" finished-at="2024-06-05T10:38:25 IST" duration-ms="193" status="PASS">
          <reporter-output>
          </reporter-output>
        </test-method> <!-- setupData -->
        <test-method is-config="true" signature="beforeMethod()[pri:0, instance:com.restassured.test.ApiBookingTest@62e70ea3]" started-at="2024-06-05T10:38:25 IST" name="beforeMethod" finished-at="2024-06-05T10:38:26 IST" duration-ms="306" status="PASS">
          <reporter-output>
          </reporter-output>
        </test-method> <!-- beforeMethod -->
        <test-method signature="testGetToken()[pri:1, instance:com.restassured.test.ApiBookingTest@62e70ea3]" started-at="2024-06-05T10:38:26 IST" name="testGetToken" finished-at="2024-06-05T10:38:29 IST" duration-ms="3313" status="PASS">
          <reporter-output>
          </reporter-output>
        </test-method> <!-- testGetToken -->
        <test-method is-config="true" signature="afterMethod(org.testng.ITestResult)[pri:0, instance:com.restassured.test.ApiBookingTest@62e70ea3]" started-at="2024-06-05T10:38:29 IST" name="afterMethod" finished-at="2024-06-05T10:38:29 IST" duration-ms="2" status="PASS">
          <params>
            <param index="0">
              <value>
                <![CDATA[[TestResult name=testGetToken status=SUCCESS method=ApiBookingTest.testGetToken()[pri:1, instance:com.restassured.test.ApiBookingTest@62e70ea3] output={null}]]]>
              </value>
            </param>
          </params>
          <reporter-output>
          </reporter-output>
        </test-method> <!-- afterMethod -->
        <test-method is-config="true" signature="getResult(org.testng.ITestResult)[pri:0, instance:com.restassured.test.ApiBookingTest@62e70ea3]" started-at="2024-06-05T10:38:29 IST" name="getResult" finished-at="2024-06-05T10:38:29 IST" duration-ms="4" status="PASS">
          <params>
            <param index="0">
              <value>
                <![CDATA[[TestResult name=testGetToken status=SUCCESS method=ApiBookingTest.testGetToken()[pri:1, instance:com.restassured.test.ApiBookingTest@62e70ea3] output={null}]]]>
              </value>
            </param>
          </params>
          <reporter-output>
          </reporter-output>
        </test-method> <!-- getResult -->
        <test-method signature="testGettingAllBookingIds()[pri:2, instance:com.restassured.test.ApiBookingTest@62e70ea3]" started-at="2024-06-05T10:38:29 IST" name="testGettingAllBookingIds" finished-at="2024-06-05T10:38:31 IST" duration-ms="2111" status="PASS">
          <reporter-output>
          </reporter-output>
        </test-method> <!-- testGettingAllBookingIds -->
        <test-method is-config="true" signature="beforeMethod()[pri:0, instance:com.restassured.test.ApiBookingTest@62e70ea3]" started-at="2024-06-05T10:38:29 IST" name="beforeMethod" finished-at="2024-06-05T10:38:29 IST" duration-ms="0" status="PASS">
          <reporter-output>
          </reporter-output>
        </test-method> <!-- beforeMethod -->
        <test-method is-config="true" signature="afterMethod(org.testng.ITestResult)[pri:0, instance:com.restassured.test.ApiBookingTest@62e70ea3]" started-at="2024-06-05T10:38:31 IST" name="afterMethod" finished-at="2024-06-05T10:38:31 IST" duration-ms="1" status="PASS">
          <params>
            <param index="0">
              <value>
                <![CDATA[[TestResult name=testGettingAllBookingIds status=SUCCESS method=ApiBookingTest.testGettingAllBookingIds()[pri:2, instance:com.restassured.test.ApiBookingTest@62e70ea3] output={null}]]]>
              </value>
            </param>
          </params>
          <reporter-output>
          </reporter-output>
        </test-method> <!-- afterMethod -->
        <test-method is-config="true" signature="getResult(org.testng.ITestResult)[pri:0, instance:com.restassured.test.ApiBookingTest@62e70ea3]" started-at="2024-06-05T10:38:31 IST" name="getResult" finished-at="2024-06-05T10:38:31 IST" duration-ms="2" status="PASS">
          <params>
            <param index="0">
              <value>
                <![CDATA[[TestResult name=testGettingAllBookingIds status=SUCCESS method=ApiBookingTest.testGettingAllBookingIds()[pri:2, instance:com.restassured.test.ApiBookingTest@62e70ea3] output={null}]]]>
              </value>
            </param>
          </params>
          <reporter-output>
          </reporter-output>
        </test-method> <!-- getResult -->
        <test-method signature="testCreateBooking()[pri:3, instance:com.restassured.test.ApiBookingTest@62e70ea3]" started-at="2024-06-05T10:38:31 IST" name="testCreateBooking" finished-at="2024-06-05T10:38:33 IST" duration-ms="1490" status="PASS">
          <reporter-output>
          </reporter-output>
        </test-method> <!-- testCreateBooking -->
        <test-method is-config="true" signature="beforeMethod()[pri:0, instance:com.restassured.test.ApiBookingTest@62e70ea3]" started-at="2024-06-05T10:38:31 IST" name="beforeMethod" finished-at="2024-06-05T10:38:31 IST" duration-ms="0" status="PASS">
          <reporter-output>
          </reporter-output>
        </test-method> <!-- beforeMethod -->
        <test-method is-config="true" signature="afterMethod(org.testng.ITestResult)[pri:0, instance:com.restassured.test.ApiBookingTest@62e70ea3]" started-at="2024-06-05T10:38:33 IST" name="afterMethod" finished-at="2024-06-05T10:38:33 IST" duration-ms="1" status="PASS">
          <params>
            <param index="0">
              <value>
                <![CDATA[[TestResult name=testCreateBooking status=SUCCESS method=ApiBookingTest.testCreateBooking()[pri:3, instance:com.restassured.test.ApiBookingTest@62e70ea3] output={null}]]]>
              </value>
            </param>
          </params>
          <reporter-output>
          </reporter-output>
        </test-method> <!-- afterMethod -->
        <test-method is-config="true" signature="getResult(org.testng.ITestResult)[pri:0, instance:com.restassured.test.ApiBookingTest@62e70ea3]" started-at="2024-06-05T10:38:33 IST" name="getResult" finished-at="2024-06-05T10:38:33 IST" duration-ms="2" status="PASS">
          <params>
            <param index="0">
              <value>
                <![CDATA[[TestResult name=testCreateBooking status=SUCCESS method=ApiBookingTest.testCreateBooking()[pri:3, instance:com.restassured.test.ApiBookingTest@62e70ea3] output={null}]]]>
              </value>
            </param>
          </params>
          <reporter-output>
          </reporter-output>
        </test-method> <!-- getResult -->
        <test-method is-config="true" signature="beforeMethod()[pri:0, instance:com.restassured.test.ApiBookingTest@62e70ea3]" started-at="2024-06-05T10:38:33 IST" name="beforeMethod" finished-at="2024-06-05T10:38:33 IST" duration-ms="1" status="PASS">
          <reporter-output>
          </reporter-output>
        </test-method> <!-- beforeMethod -->
        <test-method signature="testGetBookingById()[pri:4, instance:com.restassured.test.ApiBookingTest@62e70ea3]" started-at="2024-06-05T10:38:33 IST" name="testGetBookingById" finished-at="2024-06-05T10:38:34 IST" duration-ms="1266" status="PASS">
          <reporter-output>
          </reporter-output>
        </test-method> <!-- testGetBookingById -->
        <test-method is-config="true" signature="afterMethod(org.testng.ITestResult)[pri:0, instance:com.restassured.test.ApiBookingTest@62e70ea3]" started-at="2024-06-05T10:38:34 IST" name="afterMethod" finished-at="2024-06-05T10:38:34 IST" duration-ms="1" status="PASS">
          <params>
            <param index="0">
              <value>
                <![CDATA[[TestResult name=testGetBookingById status=SUCCESS method=ApiBookingTest.testGetBookingById()[pri:4, instance:com.restassured.test.ApiBookingTest@62e70ea3] output={null}]]]>
              </value>
            </param>
          </params>
          <reporter-output>
          </reporter-output>
        </test-method> <!-- afterMethod -->
        <test-method is-config="true" signature="getResult(org.testng.ITestResult)[pri:0, instance:com.restassured.test.ApiBookingTest@62e70ea3]" started-at="2024-06-05T10:38:34 IST" name="getResult" finished-at="2024-06-05T10:38:34 IST" duration-ms="2" status="PASS">
          <params>
            <param index="0">
              <value>
                <![CDATA[[TestResult name=testGetBookingById status=SUCCESS method=ApiBookingTest.testGetBookingById()[pri:4, instance:com.restassured.test.ApiBookingTest@62e70ea3] output={null}]]]>
              </value>
            </param>
          </params>
          <reporter-output>
          </reporter-output>
        </test-method> <!-- getResult -->
        <test-method is-config="true" signature="beforeMethod()[pri:0, instance:com.restassured.test.ApiBookingTest@62e70ea3]" started-at="2024-06-05T10:38:34 IST" name="beforeMethod" finished-at="2024-06-05T10:38:34 IST" duration-ms="0" status="PASS">
          <reporter-output>
          </reporter-output>
        </test-method> <!-- beforeMethod -->
        <test-method signature="testUpdateBookingById()[pri:5, instance:com.restassured.test.ApiBookingTest@62e70ea3]" started-at="2024-06-05T10:38:34 IST" name="testUpdateBookingById" finished-at="2024-06-05T10:38:35 IST" duration-ms="1318" status="PASS">
          <reporter-output>
          </reporter-output>
        </test-method> <!-- testUpdateBookingById -->
        <test-method is-config="true" signature="afterMethod(org.testng.ITestResult)[pri:0, instance:com.restassured.test.ApiBookingTest@62e70ea3]" started-at="2024-06-05T10:38:35 IST" name="afterMethod" finished-at="2024-06-05T10:38:35 IST" duration-ms="1" status="PASS">
          <params>
            <param index="0">
              <value>
                <![CDATA[[TestResult name=testUpdateBookingById status=SUCCESS method=ApiBookingTest.testUpdateBookingById()[pri:5, instance:com.restassured.test.ApiBookingTest@62e70ea3] output={null}]]]>
              </value>
            </param>
          </params>
          <reporter-output>
          </reporter-output>
        </test-method> <!-- afterMethod -->
        <test-method is-config="true" signature="getResult(org.testng.ITestResult)[pri:0, instance:com.restassured.test.ApiBookingTest@62e70ea3]" started-at="2024-06-05T10:38:35 IST" name="getResult" finished-at="2024-06-05T10:38:35 IST" duration-ms="2" status="PASS">
          <params>
            <param index="0">
              <value>
                <![CDATA[[TestResult name=testUpdateBookingById status=SUCCESS method=ApiBookingTest.testUpdateBookingById()[pri:5, instance:com.restassured.test.ApiBookingTest@62e70ea3] output={null}]]]>
              </value>
            </param>
          </params>
          <reporter-output>
          </reporter-output>
        </test-method> <!-- getResult -->
        <test-method is-config="true" signature="beforeMethod()[pri:0, instance:com.restassured.test.ApiBookingTest@62e70ea3]" started-at="2024-06-05T10:38:35 IST" name="beforeMethod" finished-at="2024-06-05T10:38:35 IST" duration-ms="0" status="PASS">
          <reporter-output>
          </reporter-output>
        </test-method> <!-- beforeMethod -->
        <test-method signature="testDeleteBooingById()[pri:6, instance:com.restassured.test.ApiBookingTest@62e70ea3]" started-at="2024-06-05T10:38:35 IST" name="testDeleteBooingById" finished-at="2024-06-05T10:38:37 IST" duration-ms="1289" status="PASS">
          <reporter-output>
          </reporter-output>
        </test-method> <!-- testDeleteBooingById -->
        <test-method is-config="true" signature="afterMethod(org.testng.ITestResult)[pri:0, instance:com.restassured.test.ApiBookingTest@62e70ea3]" started-at="2024-06-05T10:38:37 IST" name="afterMethod" finished-at="2024-06-05T10:38:37 IST" duration-ms="1" status="PASS">
          <params>
            <param index="0">
              <value>
                <![CDATA[[TestResult name=testDeleteBooingById status=SUCCESS method=ApiBookingTest.testDeleteBooingById()[pri:6, instance:com.restassured.test.ApiBookingTest@62e70ea3] output={null}]]]>
              </value>
            </param>
          </params>
          <reporter-output>
          </reporter-output>
        </test-method> <!-- afterMethod -->
        <test-method is-config="true" signature="getResult(org.testng.ITestResult)[pri:0, instance:com.restassured.test.ApiBookingTest@62e70ea3]" started-at="2024-06-05T10:38:37 IST" name="getResult" finished-at="2024-06-05T10:38:37 IST" duration-ms="3" status="PASS">
          <params>
            <param index="0">
              <value>
                <![CDATA[[TestResult name=testDeleteBooingById status=SUCCESS method=ApiBookingTest.testDeleteBooingById()[pri:6, instance:com.restassured.test.ApiBookingTest@62e70ea3] output={null}]]]>
              </value>
            </param>
          </params>
          <reporter-output>
          </reporter-output>
        </test-method> <!-- getResult -->
        <test-method is-config="true" signature="endReport()[pri:0, instance:com.restassured.test.ApiBookingTest@62e70ea3]" started-at="2024-06-05T10:38:37 IST" name="endReport" finished-at="2024-06-05T10:38:37 IST" duration-ms="257" status="PASS">
          <reporter-output>
          </reporter-output>
        </test-method> <!-- endReport -->
      </class> <!-- com.restassured.test.ApiBookingTest -->
    </test> <!-- APITest -->
    <test started-at="2024-06-05T10:38:37 IST" name="MockAPITest" finished-at="2024-06-05T10:38:38 IST" duration-ms="770">
      <class name="com.restassured.test.MockApiTest">
        <test-method is-config="true" signature="setUp()[pri:0, instance:com.restassured.test.MockApiTest@78aea4b9]" started-at="2024-06-05T10:38:37 IST" name="setUp" finished-at="2024-06-05T10:38:37 IST" duration-ms="2" status="PASS">
          <reporter-output>
          </reporter-output>
        </test-method> <!-- setUp -->
        <test-method is-config="true" signature="setupData()[pri:0, instance:com.restassured.test.MockApiTest@78aea4b9]" started-at="2024-06-05T10:38:37 IST" name="setupData" finished-at="2024-06-05T10:38:37 IST" duration-ms="25" status="PASS">
          <reporter-output>
          </reporter-output>
        </test-method> <!-- setupData -->
        <test-method is-config="true" signature="setup()[pri:0, instance:com.restassured.test.MockApiTest@78aea4b9]" started-at="2024-06-05T10:38:37 IST" name="setup" finished-at="2024-06-05T10:38:37 IST" duration-ms="416" status="PASS">
          <reporter-output>
          </reporter-output>
        </test-method> <!-- setup -->
        <test-method is-config="true" signature="beforeMethod()[pri:0, instance:com.restassured.test.MockApiTest@78aea4b9]" started-at="2024-06-05T10:38:37 IST" name="beforeMethod" finished-at="2024-06-05T10:38:37 IST" duration-ms="1" status="PASS">
          <reporter-output>
          </reporter-output>
        </test-method> <!-- beforeMethod -->
        <test-method signature="testCreateToken()[pri:1, instance:com.restassured.test.MockApiTest@78aea4b9]" started-at="2024-06-05T10:38:37 IST" name="testCreateToken" finished-at="2024-06-05T10:38:38 IST" duration-ms="140" status="PASS">
          <reporter-output>
          </reporter-output>
        </test-method> <!-- testCreateToken -->
        <test-method is-config="true" signature="afterMethod(org.testng.ITestResult)[pri:0, instance:com.restassured.test.MockApiTest@78aea4b9]" started-at="2024-06-05T10:38:38 IST" name="afterMethod" finished-at="2024-06-05T10:38:38 IST" duration-ms="0" status="PASS">
          <params>
            <param index="0">
              <value>
                <![CDATA[[TestResult name=testCreateToken status=SUCCESS method=MockApiTest.testCreateToken()[pri:1, instance:com.restassured.test.MockApiTest@78aea4b9] output={null}]]]>
              </value>
            </param>
          </params>
          <reporter-output>
          </reporter-output>
        </test-method> <!-- afterMethod -->
        <test-method is-config="true" signature="getResult(org.testng.ITestResult)[pri:0, instance:com.restassured.test.MockApiTest@78aea4b9]" started-at="2024-06-05T10:38:38 IST" name="getResult" finished-at="2024-06-05T10:38:38 IST" duration-ms="1" status="PASS">
          <params>
            <param index="0">
              <value>
                <![CDATA[[TestResult name=testCreateToken status=SUCCESS method=MockApiTest.testCreateToken()[pri:1, instance:com.restassured.test.MockApiTest@78aea4b9] output={null}]]]>
              </value>
            </param>
          </params>
          <reporter-output>
          </reporter-output>
        </test-method> <!-- getResult -->
        <test-method signature="testGetAllBookingIds()[pri:2, instance:com.restassured.test.MockApiTest@78aea4b9]" started-at="2024-06-05T10:38:38 IST" name="testGetAllBookingIds" finished-at="2024-06-05T10:38:38 IST" duration-ms="17" status="PASS">
          <reporter-output>
          </reporter-output>
        </test-method> <!-- testGetAllBookingIds -->
        <test-method is-config="true" signature="beforeMethod()[pri:0, instance:com.restassured.test.MockApiTest@78aea4b9]" started-at="2024-06-05T10:38:38 IST" name="beforeMethod" finished-at="2024-06-05T10:38:38 IST" duration-ms="0" status="PASS">
          <reporter-output>
          </reporter-output>
        </test-method> <!-- beforeMethod -->
        <test-method is-config="true" signature="afterMethod(org.testng.ITestResult)[pri:0, instance:com.restassured.test.MockApiTest@78aea4b9]" started-at="2024-06-05T10:38:38 IST" name="afterMethod" finished-at="2024-06-05T10:38:38 IST" duration-ms="1" status="PASS">
          <params>
            <param index="0">
              <value>
                <![CDATA[[TestResult name=testGetAllBookingIds status=SUCCESS method=MockApiTest.testGetAllBookingIds()[pri:2, instance:com.restassured.test.MockApiTest@78aea4b9] output={null}]]]>
              </value>
            </param>
          </params>
          <reporter-output>
          </reporter-output>
        </test-method> <!-- afterMethod -->
        <test-method is-config="true" signature="getResult(org.testng.ITestResult)[pri:0, instance:com.restassured.test.MockApiTest@78aea4b9]" started-at="2024-06-05T10:38:38 IST" name="getResult" finished-at="2024-06-05T10:38:38 IST" duration-ms="1" status="PASS">
          <params>
            <param index="0">
              <value>
                <![CDATA[[TestResult name=testGetAllBookingIds status=SUCCESS method=MockApiTest.testGetAllBookingIds()[pri:2, instance:com.restassured.test.MockApiTest@78aea4b9] output={null}]]]>
              </value>
            </param>
          </params>
          <reporter-output>
          </reporter-output>
        </test-method> <!-- getResult -->
        <test-method signature="testCreateBooking()[pri:3, instance:com.restassured.test.MockApiTest@78aea4b9]" started-at="2024-06-05T10:38:38 IST" name="testCreateBooking" finished-at="2024-06-05T10:38:38 IST" duration-ms="30" status="PASS">
          <reporter-output>
          </reporter-output>
        </test-method> <!-- testCreateBooking -->
        <test-method is-config="true" signature="beforeMethod()[pri:0, instance:com.restassured.test.MockApiTest@78aea4b9]" started-at="2024-06-05T10:38:38 IST" name="beforeMethod" finished-at="2024-06-05T10:38:38 IST" duration-ms="0" status="PASS">
          <reporter-output>
          </reporter-output>
        </test-method> <!-- beforeMethod -->
        <test-method is-config="true" signature="afterMethod(org.testng.ITestResult)[pri:0, instance:com.restassured.test.MockApiTest@78aea4b9]" started-at="2024-06-05T10:38:38 IST" name="afterMethod" finished-at="2024-06-05T10:38:38 IST" duration-ms="1" status="PASS">
          <params>
            <param index="0">
              <value>
                <![CDATA[[TestResult name=testCreateBooking status=SUCCESS method=MockApiTest.testCreateBooking()[pri:3, instance:com.restassured.test.MockApiTest@78aea4b9] output={null}]]]>
              </value>
            </param>
          </params>
          <reporter-output>
          </reporter-output>
        </test-method> <!-- afterMethod -->
        <test-method is-config="true" signature="getResult(org.testng.ITestResult)[pri:0, instance:com.restassured.test.MockApiTest@78aea4b9]" started-at="2024-06-05T10:38:38 IST" name="getResult" finished-at="2024-06-05T10:38:38 IST" duration-ms="0" status="PASS">
          <params>
            <param index="0">
              <value>
                <![CDATA[[TestResult name=testCreateBooking status=SUCCESS method=MockApiTest.testCreateBooking()[pri:3, instance:com.restassured.test.MockApiTest@78aea4b9] output={null}]]]>
              </value>
            </param>
          </params>
          <reporter-output>
          </reporter-output>
        </test-method> <!-- getResult -->
        <test-method signature="testGetBookingById()[pri:4, instance:com.restassured.test.MockApiTest@78aea4b9]" started-at="2024-06-05T10:38:38 IST" name="testGetBookingById" finished-at="2024-06-05T10:38:38 IST" duration-ms="13" status="PASS">
          <reporter-output>
          </reporter-output>
        </test-method> <!-- testGetBookingById -->
        <test-method is-config="true" signature="beforeMethod()[pri:0, instance:com.restassured.test.MockApiTest@78aea4b9]" started-at="2024-06-05T10:38:38 IST" name="beforeMethod" finished-at="2024-06-05T10:38:38 IST" duration-ms="0" status="PASS">
          <reporter-output>
          </reporter-output>
        </test-method> <!-- beforeMethod -->
        <test-method is-config="true" signature="afterMethod(org.testng.ITestResult)[pri:0, instance:com.restassured.test.MockApiTest@78aea4b9]" started-at="2024-06-05T10:38:38 IST" name="afterMethod" finished-at="2024-06-05T10:38:38 IST" duration-ms="1" status="PASS">
          <params>
            <param index="0">
              <value>
                <![CDATA[[TestResult name=testGetBookingById status=SUCCESS method=MockApiTest.testGetBookingById()[pri:4, instance:com.restassured.test.MockApiTest@78aea4b9] output={null}]]]>
              </value>
            </param>
          </params>
          <reporter-output>
          </reporter-output>
        </test-method> <!-- afterMethod -->
        <test-method is-config="true" signature="getResult(org.testng.ITestResult)[pri:0, instance:com.restassured.test.MockApiTest@78aea4b9]" started-at="2024-06-05T10:38:38 IST" name="getResult" finished-at="2024-06-05T10:38:38 IST" duration-ms="1" status="PASS">
          <params>
            <param index="0">
              <value>
                <![CDATA[[TestResult name=testGetBookingById status=SUCCESS method=MockApiTest.testGetBookingById()[pri:4, instance:com.restassured.test.MockApiTest@78aea4b9] output={null}]]]>
              </value>
            </param>
          </params>
          <reporter-output>
          </reporter-output>
        </test-method> <!-- getResult -->
        <test-method signature="testUpdateBookingDetails()[pri:5, instance:com.restassured.test.MockApiTest@78aea4b9]" started-at="2024-06-05T10:38:38 IST" name="testUpdateBookingDetails" finished-at="2024-06-05T10:38:38 IST" duration-ms="13" status="PASS">
          <reporter-output>
          </reporter-output>
        </test-method> <!-- testUpdateBookingDetails -->
        <test-method is-config="true" signature="beforeMethod()[pri:0, instance:com.restassured.test.MockApiTest@78aea4b9]" started-at="2024-06-05T10:38:38 IST" name="beforeMethod" finished-at="2024-06-05T10:38:38 IST" duration-ms="0" status="PASS">
          <reporter-output>
          </reporter-output>
        </test-method> <!-- beforeMethod -->
        <test-method is-config="true" signature="getResult(org.testng.ITestResult)[pri:0, instance:com.restassured.test.MockApiTest@78aea4b9]" started-at="2024-06-05T10:38:38 IST" name="getResult" finished-at="2024-06-05T10:38:38 IST" duration-ms="1" status="PASS">
          <params>
            <param index="0">
              <value>
                <![CDATA[[TestResult name=testUpdateBookingDetails status=SUCCESS method=MockApiTest.testUpdateBookingDetails()[pri:5, instance:com.restassured.test.MockApiTest@78aea4b9] output={null}]]]>
              </value>
            </param>
          </params>
          <reporter-output>
          </reporter-output>
        </test-method> <!-- getResult -->
        <test-method is-config="true" signature="afterMethod(org.testng.ITestResult)[pri:0, instance:com.restassured.test.MockApiTest@78aea4b9]" started-at="2024-06-05T10:38:38 IST" name="afterMethod" finished-at="2024-06-05T10:38:38 IST" duration-ms="0" status="PASS">
          <params>
            <param index="0">
              <value>
                <![CDATA[[TestResult name=testUpdateBookingDetails status=SUCCESS method=MockApiTest.testUpdateBookingDetails()[pri:5, instance:com.restassured.test.MockApiTest@78aea4b9] output={null}]]]>
              </value>
            </param>
          </params>
          <reporter-output>
          </reporter-output>
        </test-method> <!-- afterMethod -->
        <test-method is-config="true" signature="beforeMethod()[pri:0, instance:com.restassured.test.MockApiTest@78aea4b9]" started-at="2024-06-05T10:38:38 IST" name="beforeMethod" finished-at="2024-06-05T10:38:38 IST" duration-ms="1" status="PASS">
          <reporter-output>
          </reporter-output>
        </test-method> <!-- beforeMethod -->
        <test-method signature="testDeleteBookingDetails()[pri:6, instance:com.restassured.test.MockApiTest@78aea4b9]" started-at="2024-06-05T10:38:38 IST" name="testDeleteBookingDetails" finished-at="2024-06-05T10:38:38 IST" duration-ms="15" status="PASS">
          <reporter-output>
          </reporter-output>
        </test-method> <!-- testDeleteBookingDetails -->
        <test-method is-config="true" signature="afterMethod(org.testng.ITestResult)[pri:0, instance:com.restassured.test.MockApiTest@78aea4b9]" started-at="2024-06-05T10:38:38 IST" name="afterMethod" finished-at="2024-06-05T10:38:38 IST" duration-ms="0" status="PASS">
          <params>
            <param index="0">
              <value>
                <![CDATA[[TestResult name=testDeleteBookingDetails status=SUCCESS method=MockApiTest.testDeleteBookingDetails()[pri:6, instance:com.restassured.test.MockApiTest@78aea4b9] output={null}]]]>
              </value>
            </param>
          </params>
          <reporter-output>
          </reporter-output>
        </test-method> <!-- afterMethod -->
        <test-method is-config="true" signature="getResult(org.testng.ITestResult)[pri:0, instance:com.restassured.test.MockApiTest@78aea4b9]" started-at="2024-06-05T10:38:38 IST" name="getResult" finished-at="2024-06-05T10:38:38 IST" duration-ms="1" status="PASS">
          <params>
            <param index="0">
              <value>
                <![CDATA[[TestResult name=testDeleteBookingDetails status=SUCCESS method=MockApiTest.testDeleteBookingDetails()[pri:6, instance:com.restassured.test.MockApiTest@78aea4b9] output={null}]]]>
              </value>
            </param>
          </params>
          <reporter-output>
          </reporter-output>
        </test-method> <!-- getResult -->
        <test-method is-config="true" signature="tearDown()[pri:0, instance:com.restassured.test.MockApiTest@78aea4b9]" started-at="2024-06-05T10:38:38 IST" name="tearDown" finished-at="2024-06-05T10:38:38 IST" duration-ms="12" status="PASS">
          <reporter-output>
          </reporter-output>
        </test-method> <!-- tearDown -->
        <test-method is-config="true" signature="endReport()[pri:0, instance:com.restassured.test.MockApiTest@78aea4b9]" started-at="2024-06-05T10:38:38 IST" name="endReport" finished-at="2024-06-05T10:38:38 IST" duration-ms="59" status="PASS">
          <reporter-output>
          </reporter-output>
        </test-method> <!-- endReport -->
      </class> <!-- com.restassured.test.MockApiTest -->
    </test> <!-- MockAPITest -->
  </suite> <!-- Suite -->
</testng-results>
